<?xml version="1.0" encoding="UTF-8"?>
<!-- Generated by org.testng.reporters.JUnitReportReporter -->
<testsuite hostname="MUMIN-OLABIYI" failures="0" tests="1" name="MultipleTransferTestNG" time="38.097" errors="0" timestamp="2022-01-13T15:23:32 WAT" skipped="0">
  <testcase classname="MultipleTransferTestNG" name="MultipleTransfer" time="38.097"/>
  <system-out/>
</testsuite> <!-- MultipleTransferTestNG -->
